<?xml version="1.0" encoding="UTF-8"?>
<!-- Generated by org.testng.reporters.JUnitReportReporter -->
<testsuite hostname="BRNHYD0521L086" failures="0" tests="2" name="TDRMAutomation.TDRMAutomation.LoginFailure" time="48.451" errors="0" timestamp="2023-11-27T18:19:55 IST" skipped="0">
  <testcase classname="TDRMAutomation.TDRMAutomation.LoginFailure" name="testLoginUnsuccessful" time="22.499"/>
  <system-out/>
  <testcase classname="TDRMAutomation.TDRMAutomation.LoginFailure" name="testLoginUnsuccessful" time="25.952"/>
  <system-out/>
</testsuite> <!-- TDRMAutomation.TDRMAutomation.LoginFailure -->
