<?xml version="1.0" encoding="UTF-8"?>
<!-- Generated by org.testng.reporters.JUnitReportReporter -->
<testsuite hostname="BRNHYD0521L086" failures="0" tests="1" name="TDRMAutomation.TDRMAutomation.LoginSuccess" time="35.165" errors="0" timestamp="2023-11-27T18:56:23 IST" skipped="0">
  <testcase classname="TDRMAutomation.TDRMAutomation.LoginSuccess" name="testLoginSuccessful" time="35.165"/>
  <system-out/>
</testsuite> <!-- TDRMAutomation.TDRMAutomation.LoginSuccess -->
