<?xml version="1.0" encoding="UTF-8"?>
<!-- Generated by org.testng.reporters.JUnitReportReporter -->
<testsuite hostname="BRNHYD0521L086" failures="0" tests="1" name="TDRMAutomation.TDRMAutomation.ExtentReport" time="0.386" errors="0" timestamp="2023-11-23T00:53:30 IST" skipped="0">
  <testcase classname="TDRMAutomation.TDRMAutomation.ExtentReport" name="loginTest" time="0.386"/>
  <system-out/>
</testsuite> <!-- TDRMAutomation.TDRMAutomation.ExtentReport -->
