<?xml version="1.0" encoding="UTF-8"?>
<!-- Generated by org.testng.reporters.JUnitReportReporter -->
<testsuite hostname="BRNHYD0521L086" failures="0" tests="14" name="ReadExcelDataPackage.ReadExcelDataClass2" time="0.017" errors="0" timestamp="2023-11-09T20:41:26 IST" skipped="0">
  <testcase classname="ReadExcelDataPackage.ReadExcelDataClass2" name="excelDataDrivenTest" time="0.001"/>
  <system-out/>
  <testcase classname="ReadExcelDataPackage.ReadExcelDataClass2" name="excelDataDrivenTest" time="0.004"/>
  <system-out/>
  <testcase classname="ReadExcelDataPackage.ReadExcelDataClass2" name="excelDataDrivenTest" time="0.001"/>
  <system-out/>
  <testcase classname="ReadExcelDataPackage.ReadExcelDataClass2" name="excelDataDrivenTest" time="0.001"/>
  <system-out/>
  <testcase classname="ReadExcelDataPackage.ReadExcelDataClass2" name="excelDataDrivenTest" time="0.000"/>
  <system-out/>
  <testcase classname="ReadExcelDataPackage.ReadExcelDataClass2" name="excelDataDrivenTest" time="0.001"/>
  <system-out/>
  <testcase classname="ReadExcelDataPackage.ReadExcelDataClass2" name="excelDataDrivenTest" time="0.001"/>
  <system-out/>
  <testcase classname="ReadExcelDataPackage.ReadExcelDataClass2" name="excelDataDrivenTest" time="0.001"/>
  <system-out/>
  <testcase classname="ReadExcelDataPackage.ReadExcelDataClass2" name="excelDataDrivenTest" time="0.001"/>
  <system-out/>
  <testcase classname="ReadExcelDataPackage.ReadExcelDataClass2" name="excelDataDrivenTest" time="0.001"/>
  <system-out/>
  <testcase classname="ReadExcelDataPackage.ReadExcelDataClass2" name="excelDataDrivenTest" time="0.001"/>
  <system-out/>
  <testcase classname="ReadExcelDataPackage.ReadExcelDataClass2" name="excelDataDrivenTest" time="0.002"/>
  <system-out/>
  <testcase classname="ReadExcelDataPackage.ReadExcelDataClass2" name="excelDataDrivenTest" time="0.001"/>
  <system-out/>
  <testcase classname="ReadExcelDataPackage.ReadExcelDataClass2" name="excelDataDrivenTest" time="0.001"/>
  <system-out/>
</testsuite> <!-- ReadExcelDataPackage.ReadExcelDataClass2 -->
